<?xml version="1.0" encoding="UTF-8"?>
<!-- Generated by org.testng.reporters.JUnitXMLReporter -->
<testsuite ignored="0" hostname="DESKTOP-ELK44DL" failures="0" tests="9" name="Default test" time="58.446" errors="0" timestamp="2026-06-13T13:03:39 IST">
  <testcase classname="tests.FundTransferTest" name="fundTransferTest" time="2.847"/>
  <testcase classname="tests.FundTransferTest" name="fundTransferTest" time="6.307"/>
  <testcase classname="tests.FundTransferTest" name="fundTransferTest" time="4.141"/>
  <testcase classname="tests.FundTransferTest" name="fundTransferTest" time="2.025"/>
  <testcase classname="tests.FundTransferTest" name="fundTransferTest" time="3.173"/>
  <testcase classname="tests.FundTransferTest" name="fundTransferTest" time="3.442"/>
  <testcase classname="tests.FundTransferTest" name="fundTransferTest" time="4.179"/>
  <testcase classname="tests.FundTransferTest" name="fundTransferTest" time="1.952"/>
  <testcase classname="tests.FundTransferTest" name="fundTransferTest" time="2.982"/>
</testsuite> <!-- Default test -->
