<?xml version="1.0" encoding="UTF-8"?>
<!-- Generated by org.testng.reporters.JUnitReportReporter -->
<testsuite hostname="DESKTOP-ELK44DL" failures="0" tests="9" name="tests.FundTransferTest" time="22.664" errors="0" timestamp="2026-06-16T11:22:58 IST" skipped="0">
  <testcase classname="tests.FundTransferTest" name="fundTransferTest" time="3.567"/>
  <testcase classname="tests.FundTransferTest" name="fundTransferTest" time="3.332"/>
  <testcase classname="tests.FundTransferTest" name="fundTransferTest" time="3.263"/>
  <testcase classname="tests.FundTransferTest" name="fundTransferTest" time="1.220"/>
  <testcase classname="tests.FundTransferTest" name="fundTransferTest" time="2.923"/>
  <testcase classname="tests.FundTransferTest" name="fundTransferTest" time="1.009"/>
  <testcase classname="tests.FundTransferTest" name="fundTransferTest" time="1.850"/>
  <testcase classname="tests.FundTransferTest" name="fundTransferTest" time="1.863"/>
  <testcase classname="tests.FundTransferTest" name="fundTransferTest" time="3.637"/>
</testsuite> <!-- tests.FundTransferTest -->
