<?xml version="1.0" encoding="UTF-8"?>
<!-- Generated by org.testng.reporters.JUnitReportReporter -->
<testsuite hostname="DESKTOP-ELK44DL" failures="0" tests="4" name="tests.CustomerTest" time="12.111" errors="0" timestamp="2026-06-14T09:46:39 IST" skipped="0">
  <testcase classname="tests.CustomerTest" name="addCustomerTest" time="1.509"/>
  <testcase classname="tests.CustomerTest" name="addCustomerTest" time="1.440"/>
  <testcase classname="tests.CustomerTest" name="addCustomerTest" time="3.445"/>
  <testcase classname="tests.CustomerTest" name="addCustomerTest" time="5.717"/>
</testsuite> <!-- tests.CustomerTest -->
