<?xml version="1.0" encoding="UTF-8"?>
<!-- Generated by org.testng.reporters.JUnitReportReporter -->
<testsuite hostname="DESKTOP-ELK44DL" failures="0" tests="4" name="tests.DepositTest" time="7.970" errors="0" timestamp="2026-06-16T11:22:58 IST" skipped="0">
  <testcase classname="tests.DepositTest" name="depositTest" time="2.215"/>
  <testcase classname="tests.DepositTest" name="depositTest" time="2.070"/>
  <testcase classname="tests.DepositTest" name="depositTest" time="2.335"/>
  <testcase classname="tests.DepositTest" name="depositTest" time="1.350"/>
</testsuite> <!-- tests.DepositTest -->
