<?xml version="1.0" encoding="UTF-8"?>
<!-- Generated by org.testng.reporters.JUnitReportReporter -->
<testsuite hostname="DESKTOP-ELK44DL" failures="0" tests="4" name="tests.DepositTest" time="13.638" errors="0" timestamp="2026-06-15T11:50:58 IST" skipped="0">
  <testcase classname="tests.DepositTest" name="depositTest" time="2.421"/>
  <testcase classname="tests.DepositTest" name="depositTest" time="1.973"/>
  <testcase classname="tests.DepositTest" name="depositTest" time="1.595"/>
  <testcase classname="tests.DepositTest" name="depositTest" time="7.649"/>
</testsuite> <!-- tests.DepositTest -->
