<?xml version="1.0" encoding="UTF-8"?>
<!-- Generated by org.testng.reporters.JUnitReportReporter -->
<testsuite hostname="DESKTOP-ELK44DL" failures="0" tests="4" name="tests.LoginTest" time="24.348" errors="0" timestamp="2026-06-14T09:46:39 IST" skipped="0">
  <testcase classname="tests.LoginTest" name="loginTest" time="11.301"/>
  <testcase classname="tests.LoginTest" name="loginTest" time="5.676"/>
  <testcase classname="tests.LoginTest" name="loginTest" time="4.954"/>
  <testcase classname="tests.LoginTest" name="loginTest" time="2.417"/>
</testsuite> <!-- tests.LoginTest -->
