<?xml version="1.0" encoding="UTF-8"?>
<!-- Generated by org.testng.reporters.JUnitReportReporter -->
<testsuite hostname="DESKTOP-ELK44DL" failures="0" tests="5" name="tests.WithdrawalTest" time="30.510" errors="0" timestamp="2026-06-15T11:50:58 IST" skipped="0">
  <testcase classname="tests.WithdrawalTest" name="withdrawalTest" time="14.399"/>
  <testcase classname="tests.WithdrawalTest" name="withdrawalTest" time="8.236"/>
  <testcase classname="tests.WithdrawalTest" name="withdrawalTest" time="1.577"/>
  <testcase classname="tests.WithdrawalTest" name="withdrawalTest" time="3.912"/>
  <testcase classname="tests.WithdrawalTest" name="withdrawalTest" time="2.386"/>
</testsuite> <!-- tests.WithdrawalTest -->
