<?xml version="1.0" encoding="UTF-8"?>
<!-- Generated by org.testng.reporters.JUnitReportReporter -->
<testsuite hostname="DESKTOP-ELK44DL" failures="0" tests="6" name="tests.AccountTest" time="17.440" errors="0" timestamp="2026-06-14T09:46:39 IST" skipped="0">
  <testcase classname="tests.AccountTest" name="createAccountTest" time="3.832"/>
  <testcase classname="tests.AccountTest" name="createAccountTest" time="1.305"/>
  <testcase classname="tests.AccountTest" name="createAccountTest" time="2.226"/>
  <testcase classname="tests.AccountTest" name="createAccountTest" time="2.300"/>
  <testcase classname="tests.AccountTest" name="createAccountTest" time="6.784"/>
  <testcase classname="tests.AccountTest" name="createAccountTest" time="0.993"/>
</testsuite> <!-- tests.AccountTest -->
