<?xml version="1.0" encoding="UTF-8"?>
<!-- Generated by org.testng.reporters.JUnitReportReporter -->
<testsuite hostname="DESKTOP-ELK44DL" failures="0" tests="6" name="tests.AccountTest" time="20.058" errors="0" timestamp="2026-06-15T11:50:58 IST" skipped="0">
  <testcase classname="tests.AccountTest" name="createAccountTest" time="2.894"/>
  <testcase classname="tests.AccountTest" name="createAccountTest" time="1.428"/>
  <testcase classname="tests.AccountTest" name="createAccountTest" time="6.118"/>
  <testcase classname="tests.AccountTest" name="createAccountTest" time="3.446"/>
  <testcase classname="tests.AccountTest" name="createAccountTest" time="3.945"/>
  <testcase classname="tests.AccountTest" name="createAccountTest" time="2.227"/>
</testsuite> <!-- tests.AccountTest -->
