<?xml version="1.0" encoding="UTF-8"?>
<!-- Generated by org.testng.reporters.JUnitReportReporter -->
<testsuite hostname="DESKTOP-ELK44DL" failures="0" tests="9" name="tests.FundTransferTest" time="43.643" errors="0" timestamp="2026-06-15T11:50:58 IST" skipped="0">
  <testcase classname="tests.FundTransferTest" name="fundTransferTest" time="5.613"/>
  <testcase classname="tests.FundTransferTest" name="fundTransferTest" time="2.605"/>
  <testcase classname="tests.FundTransferTest" name="fundTransferTest" time="6.640"/>
  <testcase classname="tests.FundTransferTest" name="fundTransferTest" time="9.548"/>
  <testcase classname="tests.FundTransferTest" name="fundTransferTest" time="3.651"/>
  <testcase classname="tests.FundTransferTest" name="fundTransferTest" time="2.413"/>
  <testcase classname="tests.FundTransferTest" name="fundTransferTest" time="7.096"/>
  <testcase classname="tests.FundTransferTest" name="fundTransferTest" time="3.604"/>
  <testcase classname="tests.FundTransferTest" name="fundTransferTest" time="2.473"/>
</testsuite> <!-- tests.FundTransferTest -->
