<?xml version="1.0" encoding="UTF-8"?>
<!-- Generated by org.testng.reporters.JUnitReportReporter -->
<testsuite hostname="DESKTOP-ELK44DL" failures="0" tests="4" name="tests.LoginTest" time="54.186" errors="0" timestamp="2026-06-15T11:50:58 IST" skipped="0">
  <testcase classname="tests.LoginTest" name="loginTest" time="5.225"/>
  <testcase classname="tests.LoginTest" name="loginTest" time="11.106"/>
  <testcase classname="tests.LoginTest" name="loginTest" time="9.577"/>
  <testcase classname="tests.LoginTest" name="loginTest" time="28.278"/>
</testsuite> <!-- tests.LoginTest -->
