<?xml version="1.0" encoding="UTF-8"?>
<!-- Generated by org.testng.reporters.JUnitReportReporter -->
<testsuite hostname="DESKTOP-ELK44DL" failures="0" tests="4" name="tests.CustomerTest" time="11.446" errors="0" timestamp="2026-06-15T11:50:58 IST" skipped="0">
  <testcase classname="tests.CustomerTest" name="addCustomerTest" time="3.649"/>
  <testcase classname="tests.CustomerTest" name="addCustomerTest" time="1.552"/>
  <testcase classname="tests.CustomerTest" name="addCustomerTest" time="2.055"/>
  <testcase classname="tests.CustomerTest" name="addCustomerTest" time="4.190"/>
</testsuite> <!-- tests.CustomerTest -->
