<?xml version="1.0" encoding="UTF-8"?>
<!-- Generated by org.testng.reporters.JUnitXMLReporter -->
<testsuite ignored="0" hostname="DESKTOP-ELK44DL" failures="0" tests="6" name="Account Module" time="19.072" errors="0" timestamp="2026-06-14T09:45:39 IST">
  <testcase classname="tests.AccountTest" name="createAccountTest" time="6.784"/>
  <testcase classname="tests.AccountTest" name="createAccountTest" time="2.3"/>
  <testcase classname="tests.AccountTest" name="createAccountTest" time="2.226"/>
  <testcase classname="tests.AccountTest" name="createAccountTest" time="3.832"/>
  <testcase classname="tests.AccountTest" name="createAccountTest" time="0.993"/>
  <testcase classname="tests.AccountTest" name="createAccountTest" time="1.305"/>
</testsuite> <!-- Account Module -->
