<?xml version="1.0" encoding="UTF-8"?>
<!-- Generated by org.testng.reporters.JUnitXMLReporter -->
<testsuite ignored="0" hostname="DESKTOP-ELK44DL" failures="0" tests="4" name="Customer Module" time="27.727" errors="0" timestamp="2026-06-15T11:48:31 IST">
  <testcase classname="tests.CustomerTest" name="addCustomerTest" time="3.649"/>
  <testcase classname="tests.CustomerTest" name="addCustomerTest" time="4.19"/>
  <testcase classname="tests.CustomerTest" name="addCustomerTest" time="1.552"/>
  <testcase classname="tests.CustomerTest" name="addCustomerTest" time="2.055"/>
</testsuite> <!-- Customer Module -->
