<?xml version="1.0" encoding="UTF-8"?>
<!-- Generated by org.testng.reporters.JUnitXMLReporter -->
<testsuite ignored="0" hostname="DESKTOP-ELK44DL" failures="0" tests="4" name="Deposit Module" time="12.868" errors="0" timestamp="2026-06-16T11:22:08 IST">
  <testcase classname="tests.DepositTest" name="depositTest" time="2.335"/>
  <testcase classname="tests.DepositTest" name="depositTest" time="1.35"/>
  <testcase classname="tests.DepositTest" name="depositTest" time="2.215"/>
  <testcase classname="tests.DepositTest" name="depositTest" time="2.07"/>
</testsuite> <!-- Deposit Module -->
