<?xml version="1.0" encoding="UTF-8"?>
<!-- Generated by org.testng.reporters.JUnitXMLReporter -->
<testsuite ignored="0" hostname="DESKTOP-ELK44DL" failures="0" tests="4" name="Deposit Module" time="21.074" errors="0" timestamp="2026-06-15T11:49:17 IST">
  <testcase classname="tests.DepositTest" name="depositTest" time="7.649"/>
  <testcase classname="tests.DepositTest" name="depositTest" time="2.421"/>
  <testcase classname="tests.DepositTest" name="depositTest" time="1.973"/>
  <testcase classname="tests.DepositTest" name="depositTest" time="1.595"/>
</testsuite> <!-- Deposit Module -->
