<?xml version="1.0" encoding="UTF-8"?>
<!-- Generated by org.testng.reporters.JUnitXMLReporter -->
<testsuite ignored="0" hostname="DESKTOP-ELK44DL" failures="0" tests="9" name="Fund Transfer Module" time="26.015" errors="0" timestamp="2026-06-16T11:22:51 IST">
  <testcase classname="tests.FundTransferTest" name="fundTransferTest" time="2.923"/>
  <testcase classname="tests.FundTransferTest" name="fundTransferTest" time="3.637"/>
  <testcase classname="tests.FundTransferTest" name="fundTransferTest" time="3.332"/>
  <testcase classname="tests.FundTransferTest" name="fundTransferTest" time="1.85"/>
  <testcase classname="tests.FundTransferTest" name="fundTransferTest" time="3.263"/>
  <testcase classname="tests.FundTransferTest" name="fundTransferTest" time="1.22"/>
  <testcase classname="tests.FundTransferTest" name="fundTransferTest" time="1.009"/>
  <testcase classname="tests.FundTransferTest" name="fundTransferTest" time="1.863"/>
  <testcase classname="tests.FundTransferTest" name="fundTransferTest" time="3.567"/>
</testsuite> <!-- Fund Transfer Module -->
