<?xml version="1.0" encoding="UTF-8"?>
<!-- Generated by org.testng.reporters.JUnitXMLReporter -->
<testsuite ignored="0" hostname="DESKTOP-ELK44DL" failures="0" tests="4" name="Login Module" time="35.112" errors="0" timestamp="2026-06-14T09:45:05 IST">
  <testcase classname="tests.LoginTest" name="loginTest" time="11.301"/>
  <testcase classname="tests.LoginTest" name="loginTest" time="2.417"/>
  <testcase classname="tests.LoginTest" name="loginTest" time="5.676"/>
  <testcase classname="tests.LoginTest" name="loginTest" time="4.954"/>
</testsuite> <!-- Login Module -->
