<?xml version="1.0" encoding="UTF-8"?>
<!-- Generated by org.testng.reporters.JUnitXMLReporter -->
<testsuite ignored="0" hostname="DESKTOP-ELK44DL" failures="0" tests="4" name="Login Module" time="56.901" errors="0" timestamp="2026-06-16T11:21:28 IST">
  <testcase classname="tests.LoginTest" name="loginTest" time="10.937"/>
  <testcase classname="tests.LoginTest" name="loginTest" time="6.055"/>
  <testcase classname="tests.LoginTest" name="loginTest" time="5.03"/>
  <testcase classname="tests.LoginTest" name="loginTest" time="4.578"/>
</testsuite> <!-- Login Module -->
