<?xml version="1.0" encoding="UTF-8"?>
<!-- Generated by org.testng.reporters.JUnitXMLReporter -->
<testsuite ignored="0" hostname="DESKTOP-ELK44DL" failures="0" tests="5" name="Withdrawal Module" time="42.041" errors="0" timestamp="2026-06-15T11:50:00 IST">
  <testcase classname="tests.WithdrawalTest" name="withdrawalTest" time="3.912"/>
  <testcase classname="tests.WithdrawalTest" name="withdrawalTest" time="1.577"/>
  <testcase classname="tests.WithdrawalTest" name="withdrawalTest" time="2.386"/>
  <testcase classname="tests.WithdrawalTest" name="withdrawalTest" time="8.236"/>
  <testcase classname="tests.WithdrawalTest" name="withdrawalTest" time="14.399"/>
</testsuite> <!-- Withdrawal Module -->
