<?xml version="1.0" encoding="UTF-8"?>
<!-- Generated by org.testng.reporters.JUnitXMLReporter -->
<testsuite ignored="0" hostname="DESKTOP-ELK44DL" failures="0" tests="5" name="Withdrawal Module" time="16.984" errors="0" timestamp="2026-06-16T11:22:25 IST">
  <testcase classname="tests.WithdrawalTest" name="withdrawalTest" time="2.619"/>
  <testcase classname="tests.WithdrawalTest" name="withdrawalTest" time="2.593"/>
  <testcase classname="tests.WithdrawalTest" name="withdrawalTest" time="1.868"/>
  <testcase classname="tests.WithdrawalTest" name="withdrawalTest" time="3.725"/>
  <testcase classname="tests.WithdrawalTest" name="withdrawalTest" time="2.619"/>
</testsuite> <!-- Withdrawal Module -->
